Connected to 1
Connected to 2
All connections established!
Resuming App...
Node 0 initiating checkpointing.
Taking a permanent checkpoint
Checkpoint: 1000.0
0
4
0,0,0,0,
-1,-1,-1,-1,
-1,-1,-1,-1,
-1,-1,-1,-1,

App sleeping for 252 milliseconds...
Message sent: transfer_136.55729900624723 1 Application 0 -1 1 0 0 0
Message Received: sending_to_0 1 Request 2 2 1 0 1 0
Message sent: No_more_cohorts -1 Yes 0 2 1 0 0 0
Taking a tentative checkpoint
Message Received: sending_to_0 -1 Permanent 2 2 1 0 1 0
Taking a permanent checkpoint
Checkpoint: 863.4427009937527
0
4
1,0,0,0,
-1,-1,-1,-1,
-1,-1,1,-1,
-1,-1,1,-1,

Resuming App...
App sleeping for 116 milliseconds...
Message sent: transfer_588.5992878086165 2 Application 0 -1 2 0 0 0
App sleeping for 264 milliseconds...
Message sent: transfer_261.14543078432916 3 Application 0 -1 3 0 0 0
App sleeping for 228 milliseconds...
Message sent: transfer_8.374289757028007 4 Application 0 -1 4 0 0 0
Node 0 initiating checkpointing.
Taking a permanent checkpoint
Checkpoint: 5.323692643779056
0
4
4,0,0,0,
-1,-1,-1,-1,
-1,-1,-1,-1,
-1,4,3,-1,

Message Received: sending_to_0 4 Request 1 1 4 1 0 0
Message sent: dont_need_to_take_checkpoint_1 4 Ok 0 -1 4 0 0 0
App sleeping for 284 milliseconds...
Message sent: transfer_4.04092830073011 5 Application 0 -1 5 0 0 0
App sleeping for 395 milliseconds...
Message sent: transfer_1.1596453857590963 6 Application 0 -1 6 0 0 0
App sleeping for 185 milliseconds...
Message sent: transfer_0.06675916740587681 7 Application 0 -1 7 0 0 0
Message Received: sending_to_0 4 Request 1 1 4 1 0 0
Message sent: dont_need_to_take_checkpoint_1 4 Ok 0 -1 7 0 0 0
Message sent: failing 4 Fail 0 0 7 0 0 0
Message sent: failing 3 Fail 0 0 7 0 0 0
Message Received: Received_Replies_from_all_cohorts_0 -1 Rollback_Agreed 2 0 7 0 6 0
Message Received: I_dont_Need_to_Rollback 4 Rollback_Ok 1 -1 4 1 0 0
Message sent: sending_to_2 -1 Rollback 0 0 7 0 0 0
Roll backing to Last checkpoint
Checkpoint: 5.323692643779056
0
4
4,0,0,0,
-1,-1,-1,-1,
-1,4,1,-1,
-1,-1,-1,-1,

Rollback successful
App sleeping for 500 milliseconds...
Message sent: transfer_4.09005385558477 8 Application 0 -1 5 0 0 0
App sleeping for 399 milliseconds...
Message sent: transfer_0.19890096085178605 9 Application 0 -1 6 0 0 0
Message Received: sending_to_0 9 Request 1 1 6 5 3 3
Message sent: No_more_cohorts -1 Yes 0 1 6 0 0 0
Taking a tentative checkpoint
Message Received: sending_to_0 8 Request 2 1 6 5 4 3
Message sent: I_have_already_taken_checkpoint_for_1 8 Yes 0 1 6 0 0 0
Message Received: sending_to_0 -1 Permanent 1 1 6 5 3 3
Taking a permanent checkpoint
Checkpoint: 1.0347378273424999
0
4
6,0,0,0,
-1,-1,-1,-1,
-1,4,1,-1,
-1,9,8,-1,

Resuming App...
Message Received: sending_to_0 -1 Permanent 2 1 6 5 4 3
App sleeping for 182 milliseconds...
Message sent: transfer_0.8963305835270948 10 Application 0 -1 7 0 0 0
App sleeping for 298 milliseconds...
Message sent: transfer_0.13778318678926788 11 Application 0 -1 8 0 0 0
App sleeping for 239 milliseconds...
Message sent: transfer_7.343551430268282E-5 12 Application 0 -1 9 0 0 0
Message Received: sending_to_0 12 Request 1 1 9 12 11 8
Message sent: No_more_cohorts -1 Yes 0 1 9 0 0 0
Taking a tentative checkpoint
Message Received: sending_to_0 8 Request 2 1 8 10 11 8
Message sent: I_have_already_taken_checkpoint_for_1 8 Yes 0 1 9 0 0 0
Message Received: sending_to_0 -1 Permanent 1 1 9 12 11 8
Taking a permanent checkpoint
Checkpoint: 5.506215118344763E-4
0
4
9,0,0,0,
-1,-1,-1,-1,
-1,4,1,-1,
-1,12,8,-1,

Resuming App...
Message Received: sending_to_0 -1 Permanent 2 1 8 10 11 8
App sleeping for 498 milliseconds...
Message sent: transfer_4.459284207798625E-4 13 Application 0 -1 10 0 0 0
Message Received: transfer_44.93761498352332 5 Application 1 -1 9 13 11 8
Message Received: transfer_3031.950464982678 5 Application 2 -1 8 10 12 8
Node 0 initiating checkpointing.
Message sent: sending_to_1 5 Request 0 0 12 13 12 8
Message sent: sending_to_2 5 Request 0 0 12 13 12 8
Taking a tentative checkpoint
Message Received: transfer_334.65543829616377 6 Application 2 -1 8 10 13 8
Message Received: transfer_227.57141652889868 6 Application 1 -1 10 16 11 9
App sleeping for 262 milliseconds...
App blocked for Checkpointing or Recovery...
Message Received: Received_Yes_Ok_from_all_cohorts_0 -1 Yes 2 0 10 17 14 9
Message Received: Received_Yes_Ok_from_all_cohorts_0 -1 Yes 1 0 10 17 11 9
Message sent: sending_to_2 6 Permanent 0 0 14 16 13 9
Message sent: sending_to_1 6 Permanent 0 0 14 16 13 9
Taking a permanent checkpoint
Checkpoint: 3076.8881846592926
0
4
12,13,12,8,
-1,5,5,-1,
-1,4,1,-1,
-1,13,8,-1,

Resuming App...
Message sent: transfer_995.4008731511276 14 Application 0 -1 13 13 12 8
Message Received: transfer_53.774345199485886 7 Application 2 -1 10 17 15 9
App sleeping for 205 milliseconds...
Message sent: transfer_733.9904703947616 15 Application 0 -1 15 17 15 9
Message Received: transfer_109.26225775837717 10 Application 1 -1 10 21 11 10
Message Received: sending_to_0 15 Request 2 1 15 20 24 14
Message sent: No_more_cohorts 7 Yes 0 1 16 21 15 10
Taking a tentative checkpoint
Message Received: sending_to_0 13 Request 1 1 15 22 23 13
Message sent: I_have_already_taken_checkpoint_for_1 13 Yes 0 1 16 21 15 10
Message Received: sending_to_0 -1 Permanent 1 1 15 22 23 13
Taking a permanent checkpoint
Checkpoint: 1510.5334440712668
0
4
16,21,15,10,
-1,10,7,-1,
-1,4,1,-1,
-1,13,15,-1,

Resuming App...
Message Received: sending_to_0 -1 Permanent 2 1 15 20 24 14
Message Received: sending_to_0 13 Request 1 2 15 24 23 15
Message sent: No_more_cohorts 10 Yes 0 2 16 21 15 10
Taking a tentative checkpoint
Message Received: sending_to_0 15 Request 2 2 15 20 24 14
Message sent: I_have_already_taken_checkpoint_for_2 15 Yes 0 2 16 21 15 10
Message Received: sending_to_0 -1 Permanent 2 2 15 23 25 14
Taking a permanent checkpoint
Checkpoint: 1510.5334440712668
0
4
16,21,15,10,
-1,10,7,-1,
-1,4,1,-1,
-1,13,15,-1,

Resuming App...
Message Received: sending_to_0 -1 Permanent 1 2 15 24 23 15
Message Received: transfer_867.3975620277777 10 Application 2 -1 15 20 26 16
Message Received: transfer_751.6311605425653 12 Application 1 -1 15 25 23 15
Message Received: sending_to_0 15 Request 2 1 15 20 29 17
Message sent: No_more_cohorts 10 Yes 0 1 18 25 26 16
Taking a tentative checkpoint
Message Received: sending_to_0 13 Request 1 1 15 27 27 16
Message sent: I_have_already_taken_checkpoint_for_1 13 Yes 0 1 18 25 26 16
Message Received: sending_to_0 -1 Permanent 1 1 15 27 27 16
Taking a permanent checkpoint
Checkpoint: 3129.56216664161
0
4
18,25,26,16,
-1,12,10,-1,
-1,4,1,-1,
-1,13,15,-1,

Resuming App...
Message Received: sending_to_0 -1 Permanent 2 1 15 20 29 17
Message sent: failing 13 Fail 0 0 18 25 26 16
Message sent: failing 15 Fail 0 0 18 25 26 16
Message Received: I_dont_Need_to_Rollback 13 Rollback_Ok 1 -1 15 27 27 16
Message Received: I_dont_Need_to_Rollback 15 Rollback_Ok 2 -1 15 20 29 17
Roll backing to Last checkpoint
Checkpoint: 3129.56216664161
0
4
18,25,26,16,
-1,12,10,-1,
-1,4,1,-1,
-1,-1,-1,-1,

Rollback successful
Message Received: transfer_238.6929881908206 14 Application 1 -1 15 29 29 20
Message Received: transfer_87.78322637402024 15 Application 1 -1 15 30 29 20
Message Received: sending_to_0 13 Request 1 1 15 30 29 20
Message sent: No_more_cohorts 15 Yes 0 1 20 30 29 20
Taking a tentative checkpoint
Message Received: sending_to_0 15 Request 2 1 15 27 32 23
Message sent: I_have_already_taken_checkpoint_for_1 15 Yes 0 1 20 30 29 20
Message Received: sending_to_0 -1 Permanent 1 1 15 30 29 20
Taking a permanent checkpoint
Checkpoint: 3456.0383812064506
0
4
20,30,29,20,
-1,15,-1,-1,
-1,4,1,-1,
-1,-1,-1,-1,

Resuming App...
Message Received: sending_to_0 -1 Permanent 2 1 15 27 32 23
Node 0 initiating checkpointing.
Message sent: sending_to_1 15 Request 0 0 20 30 29 20
Taking a tentative checkpoint
Message Received: Received_Yes_Ok_from_all_cohorts_0 -1 Yes 1 0 15 32 33 24
Message sent: sending_to_1 -1 Permanent 0 0 20 30 29 20
Taking a permanent checkpoint
Checkpoint: 3456.0383812064506
0
4
20,30,29,20,
-1,15,-1,-1,
-1,4,1,-1,
-1,-1,-1,-1,

Resuming App...
Message Received: sending_to_0 13 Request 1 1 15 32 33 24
Message sent: No_more_cohorts 15 Yes 0 1 20 30 29 20
Taking a tentative checkpoint
Message Received: sending_to_0 15 Request 2 1 15 27 33 23
Message sent: I_have_already_taken_checkpoint_for_1 15 Yes 0 1 20 30 29 20
Message Received: sending_to_0 -1 Permanent 1 1 15 32 33 24
Taking a permanent checkpoint
Checkpoint: 3456.0383812064506
0
4
20,30,29,20,
-1,15,-1,-1,
-1,4,1,-1,
-1,-1,-1,-1,

Resuming App...
Message Received: sending_to_0 -1 Permanent 2 1 15 27 33 23
Message Received: sending_to_0 13 Request 1 1 15 32 33 24
Message sent: No_more_cohorts 15 Yes 0 1 20 30 29 20
Taking a tentative checkpoint
Message Received: sending_to_0 15 Request 2 1 15 27 33 23
Message sent: I_have_already_taken_checkpoint_for_1 15 Yes 0 1 20 30 29 20
Message Received: sending_to_0 -1 Permanent 1 1 15 32 33 24
Taking a permanent checkpoint
Checkpoint: 3456.0383812064506
0
4
20,30,29,20,
-1,15,-1,-1,
-1,4,1,-1,
-1,-1,-1,-1,

Resuming App...
Message Received: sending_to_0 -1 Permanent 2 1 15 27 33 23
