Connected to 1
Message sent: 3
Connected to 2
Message sent: 3
All connections established!
Resuming App...
Node 3 initiating checkpointing.
Taking a permanent checkpoint
Checkpoint: 1500.0
3
4
0,0,0,0,
-1,-1,-1,-1,
-1,-1,-1,-1,
-1,-1,-1,-1,

Message Received: sending_0_has_Failed_to_3 -1 Fail 2 0 7 0 6 0
Message sent: I_dont_Need_to_Rollback -1 Rollback_Ok 3 -1 0 0 0 0
Message Received: transfer_75.53102899898083 1 Application 1 -1 4 2 0 0
Message Received: transfer_463.92314273530906 1 Application 2 -1 5 0 3 0
App sleeping for 325 milliseconds...
Message sent: transfer_1368.4657562098869 1 Application 3 -1 5 2 3 3
Message Received: sending_to_3 1 Request 1 1 6 5 3 3
Message sent: sending_to_2 1 Request 3 1 5 2 3 3
Taking a tentative checkpoint
Message Received: Received_Yes_Ok_from_all_cohorts_1 -1 Yes 2 1 6 5 4 3
Message sent: Received_Yes_Ok_from_all_cohorts_1 -1 Yes 3 1 5 2 3 3
Message Received: sending_to_3 -1 Permanent 1 1 6 5 3 3
Message sent: sending_to_2 -1 Permanent 3 1 5 2 3 3
Taking a permanent checkpoint
Checkpoint: 670.9884155244031
3
4
5,2,3,3,
-1,1,1,-1,
-1,1,-1,-1,
-1,1,-1,-1,

Resuming App...
Message Received: transfer_1004.4510655912533 2 Application 2 -1 6 5 5 3
App sleeping for 244 milliseconds...
Message sent: transfer_753.546277544813 2 Application 3 -1 6 5 5 5
App sleeping for 149 milliseconds...
Message sent: transfer_658.5649868354039 3 Application 3 -1 6 5 5 6
Message Received: transfer_1739.251087093973 3 Application 2 -1 8 9 8 6
App sleeping for 141 milliseconds...
Message sent: transfer_1611.2365073304488 4 Application 3 -1 8 9 8 8
Message Received: sending_to_3 3 Request 1 1 9 12 11 8
Message sent: sending_to_2 3 Request 3 1 8 9 8 8
Taking a tentative checkpoint
Message Received: sending_to_3 4 Request 2 1 8 10 11 8
Message sent: I_have_already_taken_checkpoint_for_1 4 Yes 3 1 8 9 8 8
App sleeping for 419 milliseconds...
App blocked for Checkpointing or Recovery...
Message Received: I_have_already_taken_checkpoint_for_1 3 Yes 2 1 8 10 11 8
Message sent: Received_Yes_Ok_from_all_cohorts_1 -1 Yes 3 1 8 9 8 8
Message Received: sending_to_3 -1 Permanent 1 1 9 12 11 8
Message sent: sending_to_2 -1 Permanent 3 1 8 9 8 8
Taking a permanent checkpoint
Checkpoint: 391.3427964989635
3
4
8,9,8,8,
-1,1,3,-1,
-1,1,2,-1,
-1,3,4,-1,

Resuming App...
Message sent: transfer_270.8410962527885 5 Application 3 -1 8 9 8 9
Message Received: sending_to_3 -1 Permanent 2 1 8 10 11 8
Message Received: sending_to_3 5 Request 1 0 10 17 11 9
Message sent: sending_to_2 3 Request 3 0 8 9 8 9
Taking a tentative checkpoint
App sleeping for 387 milliseconds...
App blocked for Checkpointing or Recovery...
Message Received: sending_to_3 4 Request 2 0 10 17 14 9
Message sent: I_have_already_taken_checkpoint_for_0 4 Yes 3 0 8 9 8 9
Message Received: I_have_already_taken_checkpoint_for_0 3 Yes 2 0 10 17 14 9
Message sent: Received_Yes_Ok_from_all_cohorts_0 -1 Yes 3 0 8 9 8 9
Message Received: sending_to_3 -1 Permanent 2 0 10 17 14 9
Message sent: sending_to_2 -1 Permanent 3 0 8 9 8 9
Taking a permanent checkpoint
Checkpoint: 120.501700246175
3
4
8,9,8,9,
-1,1,3,-1,
-1,1,2,-1,
-1,5,4,-1,

Resuming App...
Message sent: transfer_41.7966095602502 6 Application 3 -1 8 9 8 10
Message Received: sending_to_3 -1 Permanent 1 0 10 17 11 9
App sleeping for 223 milliseconds...
Message sent: transfer_68.86998997307506 7 Application 3 -1 8 9 8 11
Message Received: transfer_795.9105678767766 8 Application 2 -1 15 19 20 11
App sleeping for 343 milliseconds...
Message sent: transfer_153.22488002624783 8 Application 3 -1 15 19 20 13
App sleeping for 187 milliseconds...
Message sent: transfer_467.79444487071765 9 Application 3 -1 15 19 20 14
Message Received: sending_to_3 6 Request 1 1 15 22 23 13
Message sent: sending_to_2 8 Request 3 1 15 19 20 14
Taking a tentative checkpoint
Message Received: sending_to_3 9 Request 2 1 15 20 24 14
Message sent: I_have_already_taken_checkpoint_for_1 9 Yes 3 1 15 19 20 14
Message Received: I_have_already_taken_checkpoint_for_1 8 Yes 2 1 15 20 24 14
Message sent: Received_Yes_Ok_from_all_cohorts_1 -1 Yes 3 1 15 19 20 14
Message Received: sending_to_3 -1 Permanent 1 1 15 22 23 13
Message sent: sending_to_2 -1 Permanent 3 1 15 19 20 14
Taking a permanent checkpoint
Checkpoint: 184.72634369266092
3
4
15,19,20,14,
-1,1,8,-1,
-1,1,2,-1,
-1,6,9,-1,

Resuming App...
Message Received: sending_to_3 -1 Permanent 2 1 15 20 24 14
App sleeping for 166 milliseconds...
Message sent: transfer_77.01549696292918 10 Application 3 -1 15 19 20 15
Message Received: sending_to_3 9 Request 2 2 15 20 24 14
Message sent: sending_to_1 1 Request 3 2 15 19 20 15
Taking a tentative checkpoint
Message Received: sending_to_3 10 Request 1 2 15 24 23 15
Message sent: I_have_already_taken_checkpoint_for_2 10 Yes 3 2 15 19 20 15
Message Received: I_have_already_taken_checkpoint_for_2 1 Yes 1 2 15 24 23 15
Message sent: Received_Yes_Ok_from_all_cohorts_2 -1 Yes 3 2 15 19 20 15
App sleeping for 133 milliseconds...
App blocked for Checkpointing or Recovery...
Message Received: sending_to_3 -1 Permanent 2 2 15 23 25 14
Message sent: sending_to_1 -1 Permanent 3 2 15 19 20 15
Taking a permanent checkpoint
Checkpoint: 107.71084672973174
3
4
15,19,20,15,
-1,1,8,-1,
-1,1,2,-1,
-1,10,9,-1,

Resuming App...
Message sent: transfer_33.14251726924119 11 Application 3 -1 15 19 20 16
Message Received: sending_to_3 -1 Permanent 1 2 15 24 23 15
App sleeping for 332 milliseconds...
Message sent: transfer_9.90300932029881 12 Application 3 -1 15 19 20 17
Message Received: transfer_77.39087465366845 12 Application 2 -1 15 20 29 17
Message Received: transfer_4.169129423093411 13 Application 1 -1 15 27 27 16
Message Received: sending_to_3 12 Request 2 1 15 20 29 17
Message sent: No_more_cohorts 12 Yes 3 1 15 27 29 19
Taking a tentative checkpoint
Message Received: sending_to_3 10 Request 1 1 15 27 27 16
Message sent: I_have_already_taken_checkpoint_for_1 10 Yes 3 1 15 27 29 19
Message Received: sending_to_3 -1 Permanent 1 1 15 27 27 16
Taking a permanent checkpoint
Checkpoint: 146.2253242169536
3
4
15,27,29,19,
-1,13,12,-1,
-1,1,2,-1,
-1,10,12,-1,

Resuming App...
Message Received: sending_to_3 -1 Permanent 2 1 15 20 29 17
App sleeping for 266 milliseconds...
Message sent: transfer_131.36115318329388 13 Application 3 -1 15 27 29 20
Message Received: transfer_4.139057604012673 13 Application 2 -1 15 20 30 17
Message Received: transfer_1.4890803615632315 14 Application 2 -1 15 20 31 17
App sleeping for 377 milliseconds...
Message sent: transfer_17.873433027076597 14 Application 3 -1 15 27 31 23
Message Received: sending_to_3 13 Request 1 1 15 30 29 20
Message sent: sending_to_2 14 Request 3 1 15 27 31 23
Taking a tentative checkpoint
Message Received: sending_to_3 14 Request 2 1 15 27 32 23
Message sent: I_have_already_taken_checkpoint_for_1 14 Yes 3 1 15 27 31 23
Message Received: I_have_already_taken_checkpoint_for_1 14 Yes 2 1 15 27 32 23
Message sent: Received_Yes_Ok_from_all_cohorts_1 -1 Yes 3 1 15 27 31 23
Message Received: sending_to_3 -1 Permanent 1 1 15 30 29 20
Message sent: sending_to_2 -1 Permanent 3 1 15 27 31 23
Taking a permanent checkpoint
Checkpoint: 2.6188759721590245
3
4
15,27,31,23,
-1,13,14,-1,
-1,1,2,-1,
-1,13,14,-1,

Resuming App...
Message Received: sending_to_3 -1 Permanent 2 1 15 27 32 23
App sleeping for 332 milliseconds...
Message sent: transfer_1.5624700047880435 15 Application 3 -1 15 27 31 24
Message Received: sending_to_3 15 Request 1 0 15 32 33 24
Message sent: sending_to_2 14 Request 3 0 15 27 31 24
Taking a tentative checkpoint
Message Received: sending_to_3 14 Request 2 0 15 27 33 23
Message sent: I_have_already_taken_checkpoint_for_0 14 Yes 3 0 15 27 31 24
Message Received: I_have_already_taken_checkpoint_for_0 14 Yes 2 0 15 27 33 23
Message sent: Received_Yes_Ok_from_all_cohorts_0 -1 Yes 3 0 15 27 31 24
Message Received: sending_to_3 -1 Permanent 1 0 15 32 33 24
Message sent: sending_to_2 -1 Permanent 3 0 15 27 31 24
Taking a permanent checkpoint
Checkpoint: 1.056405967370981
3
4
15,27,31,24,
-1,13,14,-1,
-1,1,2,-1,
-1,15,14,-1,

Resuming App...
Message Received: sending_to_3 -1 Permanent 2 0 15 27 33 23
Message Received: sending_to_3 15 Request 1 1 15 32 33 24
Message sent: sending_to_2 14 Request 3 1 15 27 31 24
Taking a tentative checkpoint
Message Received: sending_to_3 14 Request 2 1 15 27 33 23
Message sent: I_have_already_taken_checkpoint_for_1 14 Yes 3 1 15 27 31 24
Message Received: I_have_already_taken_checkpoint_for_1 14 Yes 2 1 15 27 33 23
Message sent: Received_Yes_Ok_from_all_cohorts_1 -1 Yes 3 1 15 27 31 24
Message Received: sending_to_3 -1 Permanent 1 1 15 32 33 24
Message sent: sending_to_2 -1 Permanent 3 1 15 27 31 24
Taking a permanent checkpoint
Checkpoint: 1.056405967370981
3
4
15,27,31,24,
-1,13,14,-1,
-1,1,2,-1,
-1,15,14,-1,

Resuming App...
Message Received: sending_to_3 -1 Permanent 2 1 15 27 33 23
Message Received: sending_to_3 15 Request 1 1 15 32 33 24
Message sent: sending_to_2 14 Request 3 1 15 27 31 24
Taking a tentative checkpoint
Message Received: sending_to_3 14 Request 2 1 15 27 33 23
Message sent: I_have_already_taken_checkpoint_for_1 14 Yes 3 1 15 27 31 24
Message Received: I_have_already_taken_checkpoint_for_1 14 Yes 2 1 15 27 33 23
Message sent: Received_Yes_Ok_from_all_cohorts_1 -1 Yes 3 1 15 27 31 24
Message Received: sending_to_3 -1 Permanent 1 1 15 32 33 24
Message sent: sending_to_2 -1 Permanent 3 1 15 27 31 24
Taking a permanent checkpoint
Checkpoint: 1.056405967370981
3
4
15,27,31,24,
-1,13,14,-1,
-1,1,2,-1,
-1,15,14,-1,

Resuming App...
Message Received: sending_to_3 -1 Permanent 2 1 15 27 33 23
